     1                                  section .text
     2                                  global colormask
     3                                  
     4                                  colormask:
     5 00000000 55                          push ebp
     6 00000001 89E5                        mov ebp, esp
     7 00000003 53                          push ebx
     8 00000004 56                          push esi
     9 00000005 57                          push edi
<<<<<<< HEAD
    10                                  
    11                                      ; [ebp + 8] = img (void *)
    12                                      ; [ebp + 12] = width (uint32_t)
    13                                      ; [ebp + 16] = height (uint32_t)
    14                                      ; [ebp + 20] = mask_img (void *)
    15                                      ; [ebp + 24] = mask_width (uint32_t)
    16                                      ; [ebp + 28] = mask_height (uint32_t)
    17                                      ; [ebp + 32] = x (uint32_t)
    18                                      ; [ebp + 36] = y (uint32_t)
    19                                      ; [ebp + 40] = color1 (uint32_t)
    20                                      ; [ebp + 44] = color2 (uint32_t)
    21                                      ; [ebp + 48] = color3 (uint32_t)
    22                                  
    23 00000006 8B4D08                      mov ecx, [ebp + 8]      ; ecx = img
    24 00000009 8B5514                      mov edx, [ebp + 20]     ; edx = mask_img
    25 0000000C 8B7520                      mov esi, [ebp + 32]     ; esi = x
    26 0000000F BF00000000                  mov edi, 0              ; edi = x_mask
    27                                  
    28                                  mask:
    29 00000014 8B4518                      mov eax, [ebp + 24]     ; eax = mask_width
    30 00000017 39C6                        cmp esi, eax            ; if x = mask_width then next_row
    31 00000019 7434                        je next_row
    32                                  
    33 0000001B 8B450C                      mov eax, [ebp + 12]     ; eax = width
    34 0000001E 39C6                        cmp esi, eax            ; if x = width then next_row
    35 00000020 742D                        je next_row
    36                                  
    37 00000022 8B4524                      mov eax, [ebp + 36]
    38 00000025 8B5D10                      mov ebx, [ebp + 16]     ; ebx = height
    39 00000028 4B                          dec ebx                 ; ebx -= 1
    40 00000029 29C3                        sub ebx, eax            ; mask_y = height - 1 - y
    41                                  
    42 0000002B 8B450C                      mov eax, [ebp + 12]     ; width
    43 0000002E 0FAFD8                      imul ebx, eax           ; mask_y * width
    44 00000031 01F3                        add ebx, esi            ; + x
    45 00000033 6BDB03                      imul ebx, 3             ; offset w bajtach
    46                                  
    47                                  
    48                                      mov eax,
    48          ******************       error: invalid combination of opcode and operands
    49                                  
    50                                  
    51                                      ; kopiowanie koloru z maski do obrazu
    52 00000036 8A041A                      mov al, [edx + ebx]     ; save B of pixel in mask_img to al
    53 00000039 880419                      mov [ecx + ebx], al     ; save B of pixel in mask as al
    54 0000003C 8A441A01                    mov al, [edx + ebx + 1] ; save G of pixel in mask_img to al
    55 00000040 88441901                    mov [ecx + ebx + 1], al ; save G of pixel in mask as al
    56 00000044 8A441A02                    mov al, [edx + ebx + 2] ; save R of pixel in mask_img to al
    57 00000048 88441902                    mov [ecx + ebx + 2], al ; save R of pixel in mask as al
    58                                  
    59 0000004C 46                          inc esi     ; increment x
    60 0000004D EBC5                        jmp mask
    61                                  
    62                                  next_row:
    63 0000004F 8B7520                      mov esi, [ebp + 32]     ; set current x as given x
    64 00000052 8B4524                      mov eax, [ebp + 36]
    65 00000055 40                          inc eax                 ; inc y
    66 00000056 894524                      mov [ebp + 36], eax
    67                                  
    68 00000059 8B5D10                      mov ebx, [ebp + 16]     ; height
    69 0000005C 39D8                        cmp eax, ebx            ; if y = height then mask else exit
    70 0000005E 7CB4                        jl mask
    71 00000060 7D09                        jge exit
    72                                  
    73 00000062 8B5D1C                      mov ebx, [ebp + 28]     ; mask_height
    74 00000065 39D8                        cmp eax, ebx            ; if y = mask_height then mask else exit
    75 00000067 7CAB                        jl mask
    76 00000069 7D00                        jge exit
    77                                  
    78                                  exit:
    79 0000006B 5F                          pop edi
    80 0000006C 5E                          pop esi
    81 0000006D 5B                          pop ebx
    82 0000006E 5D                          pop ebp
    83 0000006F C3                          ret
=======
    10 00000006 83EC08                      sub esp, 8
    11                                  
    12                                      ; [ebp + 8] = img (void *)
    13                                      ; [ebp + 12] = width (uint32_t)
    14                                      ; [ebp + 16] = height (uint32_t)
    15                                      ; [ebp + 20] = mask_img (void *)
    16                                      ; [ebp + 24] = mask_width (uint32_t)
    17                                      ; [ebp + 28] = mask_height (uint32_t)
    18                                      ; [ebp + 32] = x (uint32_t)
    19                                      ; [ebp + 36] = y (uint32_t)
    20                                      ; [ebp + 40] = color1 (uint32_t)
    21                                      ; [ebp + 44] = color2 (uint32_t)
    22                                      ; [ebp + 48] = color3 (uint32_t)
    23                                  
    24 00000009 8B7520                      mov esi, [ebp + 32]     ; esi = current x
    25                                  
    26 0000000C C7042400000000              mov dword [esp + 0], 0  ; x_mask
    27 00000013 C744240400000000            mov dword [esp + 4], 0  ; y_mask
    28                                  
    29                                  
    30                                  mask:
    31 0000001B 8B4518                      mov eax, [ebp + 24]     ; eax = mask_width
    32 0000001E 390424                      cmp [esp + 0], eax            ; if x_mask = mask_width then next_row
    33 00000021 7D55                        jge next_row
    34                                  
    35 00000023 8B450C                      mov eax, [ebp + 12]     ; eax = width
    36 00000026 39C6                        cmp esi, eax            ; if x = width then next_row
    37 00000028 7D4E                        jge next_row
    38                                  
    39 0000002A 8B7D24                      mov edi, [ebp + 36]     ; edi = current y
    40                                  
    41 0000002D 8B5D10                      mov ebx, [ebp + 16]     ; ebx = height
    42 00000030 4B                          dec ebx                 ; ebx -= 1
    43 00000031 29FB                        sub ebx, edi            ; y = height - 1 - y
    44 00000033 0FAF5D0C                    imul ebx, [ebp + 12]    ; y * width
    45 00000037 01F3                        add ebx, esi            ; + x
    46 00000039 6BDB03                      imul ebx, 3             ; offset w bajtach
    47                                  
    48 0000003C 8B7C2404                    mov edi, [esp + 4]
    49                                  
    50 00000040 8B451C                      mov eax, [ebp + 28]     ; eax = mask_height
    51 00000043 48                          dec eax                 ; eax -= 1
    52 00000044 29F8                        sub eax, edi            ; y_mask = mask_height - 1 - y
    53 00000046 0FAF4518                    imul eax, [ebp + 24]    ; y_mask * mask_width
    54 0000004A 030424                      add eax, [esp + 0]      ; + x_mask
    55 0000004D 6BC003                      imul eax, 3             ; offset w bajtach
    56                                  
    57 00000050 89C7                        mov edi, eax
    58                                  
    59                                  
    60                                      ; kopiowanie koloru z maski do obrazu
    61 00000052 8B4D08                      mov ecx, [ebp + 8]      ; ecx = img
    62 00000055 8B5514                      mov edx, [ebp + 20]     ; edx = mask_img
    63 00000058 8A043A                      mov al, [edx + edi]     ; save B of pixel in mask_img to al
    64 0000005B 880419                      mov [ecx + ebx], al     ; save B of pixel in mask as al
    65 0000005E 8A443A01                    mov al, [edx + edi + 1] ; save G of pixel in mask_img to al
    66 00000062 88441901                    mov [ecx + ebx + 1], al ; save G of pixel in mask as al
    67 00000066 8A443A02                    mov al, [edx + edi + 2] ; save R of pixel in mask_img to al
    68 0000006A 88441902                    mov [ecx + ebx + 2], al ; save R of pixel in mask as al
    69                                  
    70 0000006E 46                          inc esi     ; increment x
    71 0000006F 8B0424                      mov eax, [esp + 0]
    72 00000072 40                          inc eax             ; increment x_mask
    73 00000073 890424                      mov [esp + 0], eax
    74 00000076 EBA3                        jmp mask
    75                                  
    76                                  next_row:
    77 00000078 8B7520                      mov esi, [ebp + 32]     ; set current x as given x
    78 0000007B C7042400000000              mov dword [esp + 0], 0  ; set current x_mask as given x_mask
    79                                  
    80 00000082 8B4524                      mov eax, [ebp + 36]
    81 00000085 40                          inc eax                 ; inc y
    82 00000086 894524                      mov [ebp + 36], eax
    83                                  
    84 00000089 8B442404                    mov eax, [esp + 4]
    85 0000008D 40                          inc eax                 ; inc y_mask
    86 0000008E 89442404                    mov [esp + 4], eax
    87                                  
    88 00000092 8B5D10                      mov ebx, [ebp + 16]     ; height
    89 00000095 395D24                      cmp [ebp + 36], ebx            ; if y = height then mask else exit
    90 00000098 7D0E                        jge exit
    91                                  
    92 0000009A 8B5D1C                      mov ebx, [ebp + 28]     ; mask_height
    93 0000009D 395C2404                    cmp [esp + 4], ebx            ; if y_mask = mask_height then mask else exit
    94 000000A1 7D05                        jge exit
    95                                  
    96 000000A3 E973FFFFFF                  jmp mask
    97                                  
    98                                  exit:
    99 000000A8 83C408                      add esp, 8
   100 000000AB 5F                          pop edi
   101 000000AC 5E                          pop esi
   102 000000AD 5B                          pop ebx
   103 000000AE 5D                          pop ebp
   104 000000AF C3                          ret
>>>>>>> backup
